<?xml version="1.0" encoding="UTF-8"?>
<WorkBook xmlVersion="20091224">
<TableDataMap>
<TableData name="ds1" class="com.fr.data.impl.DBTableData">
<Parameters>
<Parameter>
<Attributes name="Topn"/>
<O>
<![CDATA[4]]></O>
</Parameter>
</Parameters>
<Attributes maxMemRowCount="5000"/>
<Connection class="com.fr.data.impl.NameDatabaseConnection">
<DatabaseName>
<![CDATA[FlyReportor]]></DatabaseName>
</Connection>
<Query>
<![CDATA[select top ${Topn} * FROM product,producer where producttype='Office' AND PRODUCER.PRODUCERID=PRODUCT.PRODUCERID order by cost desc]]></Query>
</TableData>
<TableData name="ds2" class="com.fr.data.impl.DBTableData">
<Parameters>
<Parameter>
<Attributes name="Topn"/>
<O>
<![CDATA[3]]></O>
</Parameter>
</Parameters>
<Attributes maxMemRowCount="-1"/>
<Connection class="com.fr.data.impl.NameDatabaseConnection">
<DatabaseName>
<![CDATA[FlyReportor]]></DatabaseName>
</Connection>
<Query>
<![CDATA[SELECT PRODUCERID,PRODUCERNAME FROM PRODUCER]]></Query>
</TableData>
</TableDataMap>
<ReportSettings isHorizontalCenterOnPage="true" headerHeight="0.0" footerHeight="0.0">
<Margin top="0.27" left="0.7499999999999999" bottom="0.27" right="0.7499999999999999"/>
</ReportSettings>
<ReportParameterAttr>
<Attributes showWindow="true" delayPlaying="true" windowPosition="1" align="0"/>
<PWTitle>
<![CDATA[参数]]></PWTitle>
<ParameterUI class="com.fr.report.parameter.CustomParameterUI">
<ReportSettings headerHeight="0.0" footerHeight="0.0">
<Margin top="0.27" left="0.7499999999999999" bottom="0.27" right="0.7499999999999999"/>
</ReportSettings>
<ReportPageAttr>
<HR/>
<FR/>
<HC/>
<FC/>
</ReportPageAttr>
<Header reportPageType="0">
<Background name="NullBackground"/>
<LeftList/>
<CenterList/>
<RightList/>
</Header>
<Footer reportPageType="0">
<Background name="NullBackground"/>
<LeftList/>
<CenterList/>
<RightList/>
</Footer>
<RowHeight defaultValue="19">
<![CDATA[24,19,19,19,19,19,19,19,19,19,19]]></RowHeight>
<ColumnWidth defaultValue="72">
<![CDATA[72,72,13,72,72,72,72,72,72,72,72]]></ColumnWidth>
<CellElementList>
<C c="0" r="0" s="0">
<O>
<![CDATA[Topn:]]></O>
<Expand/>
</C>
<C c="1" r="0">
<O t="I">
<![CDATA[4]]></O>
<Expand/>
<Widget class="com.fr.report.web.ui.TextEditor">
<WidgetAttr/>
<FieldName>
<![CDATA[Topn]]></FieldName>
<TextAttr/>
</Widget>
</C>
<C c="3" r="0">
<O>
<![CDATA[查询]]></O>
<Expand/>
<Widget class="com.fr.report.web.ui.impl.form.FormSubmitButton">
<WidgetAttr/>
</Widget>
</C>
</CellElementList>
</ParameterUI>
</ReportParameterAttr>
<Report class="com.fr.report.WorkSheet" name="sheet1">
<ReportSettings headerHeight="0.0" footerHeight="0.0">
<Margin top="0.27" left="0.75" bottom="0.27" right="0.75"/>
</ReportSettings>
<ReportPageAttr>
<HR/>
<FR/>
<HC/>
<FC/>
</ReportPageAttr>
<ReportWebAttr>
<EmailManager mailHost="" password="___" user="" fromEmailAddres=""/>
<ServerPrinter/>
<WebPageContent>
<ToolBars>
<ToolBarManager>
<Location>
<Embed position="1"/>
</Location>
<ToolBar>
<Widget class="com.fr.report.web.ui.impl.page.First">
<WidgetAttr disabled="true"/>
<Text>
<![CDATA[首页]]></Text>
<IconName>
<![CDATA[first]]></IconName>
</Widget>
<Widget class="com.fr.report.web.ui.impl.page.Previous">
<WidgetAttr disabled="true"/>
<Text>
<![CDATA[上一页]]></Text>
<IconName>
<![CDATA[previous]]></IconName>
</Widget>
<Widget class="com.fr.report.web.ui.impl.page.PageNavi">
<WidgetAttr/>
</Widget>
<Widget class="com.fr.report.web.ui.impl.page.Next">
<WidgetAttr disabled="true"/>
<Text>
<![CDATA[下一页]]></Text>
<IconName>
<![CDATA[next]]></IconName>
</Widget>
<Widget class="com.fr.report.web.ui.impl.page.Last">
<WidgetAttr disabled="true"/>
<Text>
<![CDATA[末页]]></Text>
<IconName>
<![CDATA[last]]></IconName>
</Widget>
<Widget class="com.fr.report.web.ui.impl.PageSetup">
<WidgetAttr disabled="true"/>
<Text>
<![CDATA[页面设置]]></Text>
<IconName>
<![CDATA[pagesetup]]></IconName>
</Widget>
<Widget class="com.fr.report.web.ui.impl.FlashPrint">
<WidgetAttr disabled="true"/>
<Text>
<![CDATA[打印[客户端]A]]></Text>
<IconName>
<![CDATA[flashprint]]></IconName>
</Widget>
<Widget class="com.fr.report.web.ui.impl.Print">
<PrintButtons/>
</Widget>
<Widget class="com.fr.report.web.ui.impl.Export">
<Buttons pdf="true" excelP="true" excelO="true" excelS="true" word="true"/>
</Widget>
<Widget class="com.fr.report.web.ui.impl.Email">
<WidgetAttr disabled="true"/>
<Text>
<![CDATA[邮件]]></Text>
<IconName>
<![CDATA[email]]></IconName>
</Widget>
</ToolBar>
</ToolBarManager>
</ToolBars>
<WebPage isPage="true"/>
<WebMargin margins="0,auto,0,auto"/>
</WebPageContent>
<Background name="NullBackground"/>
</ReportWebAttr>
<Header reportPageType="0">
<Background name="NullBackground"/>
<LeftList/>
<CenterList/>
<RightList/>
</Header>
<Footer reportPageType="0">
<Background name="NullBackground"/>
<LeftList/>
<CenterList/>
<RightList/>
</Footer>
<ReportWriteAttr/>
<RowHeight defaultValue="19">
<![CDATA[31,19,19,19,19,19,19,19,19,19,19]]></RowHeight>
<ColumnWidth defaultValue="72">
<![CDATA[107,107,107,107,107,72,72,72,72,72,72]]></ColumnWidth>
<CellElementList>
<C c="0" r="0" cs="5" s="1">
<O>
<![CDATA[办公用品信息TOPN统计]]></O>
<Expand/>
</C>
<C c="0" r="1" s="2">
<Expand/>
</C>
<C c="1" r="1">
<Expand/>
</C>
<C c="2" r="1" s="2">
<Expand/>
</C>
<C c="3" r="1" s="2">
<Expand/>
</C>
<C c="4" r="1" s="2">
<Expand/>
</C>
<C c="0" r="2" cs="5" s="3">
<Expand/>
</C>
<C c="0" r="3" s="4">
<O>
<![CDATA[编号]]></O>
<Expand/>
</C>
<C c="1" r="3" s="4">
<O>
<![CDATA[产品名]]></O>
<Expand/>
</C>
<C c="2" r="3" s="4">
<O>
<![CDATA[供应商]]></O>
<Expand/>
</C>
<C c="3" r="3" s="4">
<O>
<![CDATA[单价]]></O>
<Expand/>
</C>
<C c="4" r="3" s="4">
<O>
<![CDATA[库存]]></O>
<Expand/>
</C>
<C c="0" r="4" s="5">
<O t="DSColumn">
<Attributes dsName="ds1" columnName="PRODUCTID"/>
<Complex/>
<RG class="com.fr.report.cellElement.core.FunctionGrouper"/>
</O>
<HighlightList>
<Highlight class="com.fr.report.highlight.DefaultHighlight">
<Condition class="com.fr.data.condition.FormulaCondition">
<Formula>
<![CDATA[Row() % 2 == 1]]></Formula>
</Condition>
<HighlightAction class="com.fr.report.highlight.BackgroundHighlightAction">
<Background name="ColorBackground" color="-525313"/>
</HighlightAction>
</Highlight>
</HighlightList>
<Expand dir="0"/>
</C>
<C c="1" r="4" s="5">
<O t="DSColumn">
<Attributes dsName="ds1" columnName="PRODUCTNAME"/>
<Complex/>
<RG class="com.fr.report.cellElement.core.FunctionGrouper"/>
</O>
<HighlightList>
<Highlight class="com.fr.report.highlight.DefaultHighlight">
<Condition class="com.fr.data.condition.FormulaCondition">
<Formula>
<![CDATA[Row() % 2 == 1]]></Formula>
</Condition>
<HighlightAction class="com.fr.report.highlight.BackgroundHighlightAction">
<Background name="ColorBackground" color="-853505"/>
</HighlightAction>
</Highlight>
</HighlightList>
<Expand dir="0"/>
</C>
<C c="2" r="4" s="5">
<O t="DSColumn">
<Attributes dsName="ds1" columnName="PRODUCERNAME"/>
<Condition class="com.fr.data.condition.ListCondition"/>
<Complex/>
<RG class="com.fr.report.cellElement.core.FunctionGrouper"/>
<Result>
<![CDATA[$$$]]></Result>
</O>
<HighlightList>
<Highlight class="com.fr.report.highlight.DefaultHighlight">
<Condition class="com.fr.data.condition.FormulaCondition">
<Formula>
<![CDATA[Row() % 2 == 1]]></Formula>
</Condition>
<HighlightAction class="com.fr.report.highlight.BackgroundHighlightAction">
<Background name="ColorBackground" color="-853505"/>
</HighlightAction>
</Highlight>
</HighlightList>
<Present class="com.fr.report.cellElement.DictPresent">
<Dictionary class="com.fr.data.impl.TableDataDictionary">
<FormulaDictAttr ki="0" vi="1"/>
<TableDataDictAttr>
<TableData class="com.fr.data.impl.NameTableData">
<Name>
<![CDATA[ds2]]></Name>
</TableData>
</TableDataDictAttr>
</Dictionary>
</Present>
<Expand dir="0"/>
</C>
<C c="3" r="4" s="5">
<O t="DSColumn">
<Attributes dsName="ds1" columnName="COST"/>
<Complex/>
<RG class="com.fr.report.cellElement.core.FunctionGrouper"/>
</O>
<HighlightList>
<Highlight class="com.fr.report.highlight.DefaultHighlight">
<Condition class="com.fr.data.condition.FormulaCondition">
<Formula>
<![CDATA[Row() % 2 == 1]]></Formula>
</Condition>
<HighlightAction class="com.fr.report.highlight.BackgroundHighlightAction">
<Background name="ColorBackground" color="-853505"/>
</HighlightAction>
</Highlight>
</HighlightList>
<Expand dir="0"/>
</C>
<C c="4" r="4" s="5">
<O t="DSColumn">
<Attributes dsName="ds1" columnName="QUANTITY"/>
<Complex/>
<RG class="com.fr.report.cellElement.core.FunctionGrouper"/>
</O>
<HighlightList>
<Highlight class="com.fr.report.highlight.DefaultHighlight">
<Condition class="com.fr.data.condition.FormulaCondition">
<Formula>
<![CDATA[Row() % 2 == 1]]></Formula>
</Condition>
<HighlightAction class="com.fr.report.highlight.BackgroundHighlightAction">
<Background name="ColorBackground" color="-853505"/>
</HighlightAction>
</Highlight>
</HighlightList>
<Expand dir="0"/>
</C>
<C c="0" r="6" cs="5" s="6">
<O>
<![CDATA[“办公用品信息TOPN统计”报表功能应用说明：]]></O>
<Expand/>
</C>
<C c="0" r="7" cs="5" s="7">
<O>
<![CDATA[1、TOPN分析]]></O>
<Expand/>
</C>
<C c="0" r="8" cs="5" s="7">
<O>
<![CDATA[该报表中，按照产品单价排序，根据需要，可以查询出单价排前\"N\"名的产品详细信息。]]></O>
<Expand/>
</C>
</CellElementList>
</Report>
<StyleList>
<Style horizontal_alignment="4">
<FRFont name="SimSun" style="0" size="14"/>
<Background name="NullBackground"/>
<Border/>
</Style>
<Style horizontal_alignment="0">
<FRFont name="SimSun" style="1" size="18" foreground="-16737895"/>
<Background name="NullBackground"/>
<Border/>
</Style>
<Style>
<FRFont name="SimSun" style="0" size="12" foreground="-16617053"/>
<Background name="NullBackground"/>
<Border/>
</Style>
<Style>
<FRFont name="SimSun" style="0" size="12"/>
<Background name="ImageBackground" specifiedImageWidth="-1.0" specifiedImageHeight="-1.0" layout="2">
<Image width="271" height="20">
<![CDATA[mDD3s_Ctrm_#OF0>K!!9WJ6!OQ7+.ZoaQ9>0E]Ad2laNppWiE)!WiGp)li!RsTDPW,0?[QWIV
_g1pu1d?NUQ%!281S82*R8))W+4iebJi;<TD!-WQ)u!;iUeW~
]]></Image>
</Background>
<Border>
<Top style="1" color="-6894375"/>
<Bottom style="1" color="-6894375"/>
<Left style="1" color="-6894375"/>
<Right style="1" color="-6894375"/>
</Border>
</Style>
<Style horizontal_alignment="0">
<FRFont name="SimSun" style="1" size="12"/>
<Background name="ColorBackground" color="-1577999"/>
<Border>
<Top style="1" color="-6894375"/>
<Bottom style="1" color="-6894375"/>
<Left style="1" color="-6894375"/>
<Right style="1" color="-6894375"/>
</Border>
</Style>
<Style horizontal_alignment="0">
<FRFont name="SimSun" style="0" size="12"/>
<Background name="NullBackground"/>
<Border>
<Top style="1" color="-6894375"/>
<Bottom style="1" color="-6894375"/>
<Left style="1" color="-6894375"/>
<Right style="1" color="-6894375"/>
</Border>
</Style>
<Style>
<FRFont name="SimSun" style="0" size="12"/>
<Background name="ColorBackground" color="-328966"/>
<Border>
<Top style="3" color="-6894375"/>
<Left style="3" color="-6894375"/>
<Right style="3" color="-6894375"/>
</Border>
</Style>
<Style>
<FRFont name="SimSun" style="0" size="12"/>
<Background name="ColorBackground" color="-328966"/>
<Border/>
</Style>
</StyleList>
</WorkBook>
