<?xml version="1.0" encoding="UTF-8" ?>
<WorkBook>
<Version>6.2</Version>
<Report class="com.fr.report.WorkSheet" name="sheet1">
<TableDataMap>
<NameTableData name="product">
<TableData class="com.fr.data.impl.EmbeddedTableData">
<Parameters>
</Parameters>
<ColumnNames><![CDATA[产品名称,,.,,单价,,.,,数量]]></ColumnNames>
<ColumnTypes><![CDATA[java.lang.String,java.lang.Double,java.lang.Integer]]></ColumnTypes>
<RowData>
<![CDATA[419M!Db_N?;bf-Oo8iW`j##aPkB_FFqIND(4UY"P,Hau2%t<Rr!O2Y~

]]>
</RowData>
</TableData>
</NameTableData>
</TableDataMap>
<ReportSettings shrinkToFit="false" headerHeight="0.0" footerHeight="0.0">
<Margin top="0.27" left="0.75" bottom="0.27" right="0.75" />
</ReportSettings>
<ReportParameterAttr>
<Parameters>
</Parameters>
<Attributes showWindow="true" delayPlaying="true" windowPosition="0" userDefineWindow="false" />
<PWTitle><![CDATA[参数]]></PWTitle>
</ReportParameterAttr>
<AutoRecalculate>false</AutoRecalculate>
<DesignAttributes>
</DesignAttributes>
<ReportWebAttr>
<EmailManager mailHost="" password="___" user="" fromEmailAddress="" />
<ServerPrinter>
</ServerPrinter>
</ReportWebAttr>
<ReportWriteAttr>
</ReportWriteAttr>
<RowHeight defaultValue="19">
<![CDATA[]]>
</RowHeight>
<ColumnWidth defaultValue="72">
<![CDATA[]]>
</ColumnWidth>
<CellElementList>
<C c="0" r="0" s="0"><O t="S"><![CDATA[产品名称]]></O>
</C>
<C c="1" r="0" s="0"><O t="S"><![CDATA[单价]]></O>
</C>
<C c="2" r="0" s="0"><O t="S"><![CDATA[数量]]></O>
</C>
<C c="3" r="0" s="0"><O t="S"><![CDATA[小记]]></O>
</C>
<C c="0" r="1" s="1"><O t="DSColumn"><Attributes dsName="product" columnName="产品名称" />
<Condition class="com.fr.data.condition.ListCondition"></Condition>
<Complex order="2" />
<RG class="com.fr.report.cellElement.core.FunctionGrouper"></RG><SortFormula><![CDATA[TODOUBLE(product.Group(单价)*product.Group(数量))]]></SortFormula><Result><![CDATA[$$$]]></Result></O>
<Expand dir="0" />
</C>
<C c="1" r="1" s="1"><O t="DSColumn"><Attributes dsName="product" columnName="单价" />
<RG class="com.fr.report.cellElement.core.FunctionGrouper"></RG></O>
<Expand dir="0" />
</C>
<C c="2" r="1" s="1"><O t="DSColumn"><Attributes dsName="product" columnName="数量" />
<RG class="com.fr.report.cellElement.core.FunctionGrouper"></RG></O>
<Expand dir="0" />
</C>
<C c="3" r="1" s="1"><O t="Formula" class="Formula" ><Attributes><![CDATA[=B2*C2]]></Attributes></O>
</C>
</CellElementList>
</Report>
<StyleList>
<Style horizontal_alignment="0">
<FRFont name="SimSun" style="0" size="12" />
<Background name="ColorBackground"
 color="-3355393">
</Background>
<Border><Top style="1" /><Bottom style="1" /><Left style="1" /><Right style="1" /></Border>
</Style>
<Style horizontal_alignment="0">
<FRFont name="SimSun" style="0" size="12" />
<Background name="NullBackground" />
<Border><Top style="1" /><Bottom style="1" /><Left style="1" /><Right style="1" /></Border>
</Style>
</StyleList>
</WorkBook>
