<?xml version="1.0" encoding="UTF-8"?>
<WorkBook xmlVersion="20091224">
<TableDataMap>
<TableData name="ds1" class="com.fr.data.impl.DBTableData">
<Parameters/>
<Attributes maxMemRowCount="-1"/>
<Connection class="com.fr.data.impl.NameDatabaseConnection">
<DatabaseName>
<![CDATA[FlyReportor]]></DatabaseName>
</Connection>
<Query>
<![CDATA[SELECT EMPID,PRODUCTNAME,ORDERSDETAIL.QUANTITY,PRICE,COST FROM ORDERSDETAIL,ORDERS,PRODUCT where ORDERS.ORDERID=ORDERSDETAIL.ORDERID AND PRODUCT.PRODUCTID=ORDERSDETAIL.PRODUCTID AND PRODUCTTYPE='Office' and YEAR(SIGNDATE)=2008]]></Query>
</TableData>
<TableData name="ds2" class="com.fr.data.impl.DBTableData">
<Parameters/>
<Attributes maxMemRowCount="-1"/>
<Connection class="com.fr.data.impl.NameDatabaseConnection">
<DatabaseName>
<![CDATA[FlyReportor]]></DatabaseName>
</Connection>
<Query>
<![CDATA[SELECT EMPID,EMPNAME FROM EMPLOYEE]]></Query>
</TableData>
</TableDataMap>
<Report class="com.fr.report.WorkSheet" name="sheet1">
<ReportSettings shrinkToFitMode="0" headerHeight="0.0" footerHeight="0.0">
<Margin top="0.27" left="0.75" bottom="0.27" right="0.75"/>
</ReportSettings>
<ReportPageAttr>
<HR F="0" T="4"/>
<FR/>
<HC/>
<FC/>
</ReportPageAttr>
<ReportWebAttr>
<WebPageContent>
<ToolBars>
<ToolBarManager>
<Location>
<Embed position="1"/>
</Location>
<ToolBar>
<Widget class="com.fr.report.web.ui.impl.page.First">
<WidgetAttr disabled="true"/>
<Text>
<![CDATA[首页]]></Text>
<IconName>
<![CDATA[first]]></IconName>
</Widget>
<Widget class="com.fr.report.web.ui.impl.page.Previous">
<WidgetAttr disabled="true"/>
<Text>
<![CDATA[上一页]]></Text>
<IconName>
<![CDATA[previous]]></IconName>
</Widget>
<Widget class="com.fr.report.web.ui.impl.page.PageNavi">
<WidgetAttr/>
</Widget>
<Widget class="com.fr.report.web.ui.impl.page.Next">
<WidgetAttr disabled="true"/>
<Text>
<![CDATA[下一页]]></Text>
<IconName>
<![CDATA[next]]></IconName>
</Widget>
<Widget class="com.fr.report.web.ui.impl.page.Last">
<WidgetAttr disabled="true"/>
<Text>
<![CDATA[末页]]></Text>
<IconName>
<![CDATA[last]]></IconName>
</Widget>
<Widget class="com.fr.report.web.ui.impl.PageSetup">
<WidgetAttr disabled="true"/>
<Text>
<![CDATA[页面设置]]></Text>
<IconName>
<![CDATA[pagesetup]]></IconName>
</Widget>
<Widget class="com.fr.report.web.ui.impl.FlashPrint">
<WidgetAttr disabled="true"/>
<Text>
<![CDATA[打印[客户端]A]]></Text>
<IconName>
<![CDATA[flashprint]]></IconName>
</Widget>
<Widget class="com.fr.report.web.ui.impl.Print">
<PrintButtons/>
</Widget>
<Widget class="com.fr.report.web.ui.impl.Export">
<Buttons pdf="true" excelP="true" excelO="true" excelS="true" word="true"/>
</Widget>
<Widget class="com.fr.report.web.ui.impl.Email">
<WidgetAttr disabled="true"/>
<Text>
<![CDATA[邮件]]></Text>
<IconName>
<![CDATA[email]]></IconName>
</Widget>
</ToolBar>
</ToolBarManager>
</ToolBars>
<WebPage isPage="true"/>
<WebMargin margins="0,auto,0,auto"/>
</WebPageContent>
<Background name="NullBackground"/>
</ReportWebAttr>
<Header reportPageType="0">
<Background name="NullBackground"/>
<LeftList/>
<CenterList/>
<RightList/>
</Header>
<Footer reportPageType="0">
<Background name="NullBackground"/>
<LeftList/>
<CenterList/>
<RightList/>
</Footer>
<RowHeight defaultValue="19">
<![CDATA[33,18,19,19,19,19,19,19,19,19,19,50,19]]></RowHeight>
<ColumnWidth defaultValue="72">
<![CDATA[62,70,55,57,61,62,60,62,72,72,72]]></ColumnWidth>
<CellElementList>
<C c="0" r="0" cs="9" s="0">
<O>
<![CDATA[2008年办公用品销售累计]]></O>
<Expand/>
</C>
<C c="0" r="2" cs="9" s="1">
<Expand/>
</C>
<C c="0" r="3" s="2">
<O>
<![CDATA[销售员]]></O>
<Expand/>
</C>
<C c="1" r="3" s="2">
<O>
<![CDATA[产品名称]]></O>
<Expand/>
</C>
<C c="2" r="3" s="2">
<O>
<![CDATA[数量]]></O>
<Expand/>
</C>
<C c="3" r="3" s="2">
<O>
<![CDATA[零售价]]></O>
<Expand/>
</C>
<C c="4" r="3" s="2">
<O>
<![CDATA[总价]]></O>
<Expand/>
</C>
<C c="5" r="3" s="2">
<O>
<![CDATA[累计]]></O>
<Expand/>
</C>
<C c="6" r="3" s="2">
<O>
<![CDATA[进价]]></O>
<Expand/>
</C>
<C c="7" r="3" s="2">
<O>
<![CDATA[总成本]]></O>
<Expand/>
</C>
<C c="8" r="3" s="2">
<O>
<![CDATA[累计]]></O>
<Expand/>
</C>
<C c="0" r="4" s="3">
<O t="DSColumn">
<Attributes dsName="ds1" columnName="EMPID"/>
<Complex/>
<RG class="com.fr.report.cellElement.core.FunctionGrouper"/>
</O>
<Expand dir="0"/>
</C>
<C c="1" r="4" s="4">
<Expand/>
</C>
<C c="2" r="4" s="4">
<Expand/>
</C>
<C c="3" r="4" s="4">
<Expand/>
</C>
<C c="4" r="4" s="4">
<Expand/>
</C>
<C c="5" r="4" s="4">
<Expand/>
</C>
<C c="6" r="4" s="4">
<Expand/>
</C>
<C c="7" r="4" s="4">
<Expand/>
</C>
<C c="8" r="4" s="4">
<Expand/>
</C>
<C c="0" r="5" s="5">
<Expand/>
</C>
<C c="1" r="5" s="3">
<O t="DSColumn">
<Attributes dsName="ds1" columnName="PRODUCTNAME"/>
<Complex/>
<RG class="com.fr.report.cellElement.core.FunctionGrouper"/>
</O>
<Expand dir="0" leftParentDefault="false" left="A5"/>
</C>
<C c="2" r="5" s="3">
<O t="DSColumn">
<Attributes dsName="ds1" columnName="QUANTITY"/>
<Complex/>
<RG class="com.fr.report.cellElement.core.SummaryGrouper">
<FN>
<![CDATA[com.fr.data.util.function.SumFunction]]></FN>
</RG>
</O>
<Expand dir="0"/>
</C>
<C c="3" r="5" s="3">
<O t="DSColumn">
<Attributes dsName="ds1" columnName="PRICE"/>
<Complex/>
<RG class="com.fr.report.cellElement.core.FunctionGrouper"/>
</O>
<Expand dir="0"/>
</C>
<C c="4" r="5" s="3">
<O t="Formula" class="Formula">
<Attributes>
<![CDATA[=C6 * D6]]></Attributes>
</O>
<Expand/>
</C>
<C c="5" r="5" s="6">
<O t="Formula" class="Formula">
<Attributes>
<![CDATA[=if(&B6 > 1, F6[B6:-1]A, F6[A5:-1,b6:!-1]A) + E6]]></Attributes>
</O>
<Expand/>
</C>
<C c="6" r="5" s="3">
<O t="DSColumn">
<Attributes dsName="ds1" columnName="COST"/>
<Complex/>
<RG class="com.fr.report.cellElement.core.FunctionGrouper"/>
</O>
<Expand dir="0"/>
</C>
<C c="7" r="5" s="3">
<O t="Formula" class="Formula">
<Attributes>
<![CDATA[=C6 * G6]]></Attributes>
</O>
<Expand/>
</C>
<C c="8" r="5" s="6">
<O t="Formula" class="Formula">
<Attributes>
<![CDATA[=if(&B6 > 1, I6[B6:-1]A, I6[A5:-1,B6:!-1]A) + H6]]></Attributes>
</O>
<Expand/>
</C>
<C c="0" r="7" cs="2" s="7">
<O>
<![CDATA[售出办公用品数量：]]></O>
<Expand/>
</C>
<C c="2" r="7" s="7">
<O t="Formula" class="Formula">
<Attributes>
<![CDATA[=sum(C6)]]></Attributes>
</O>
<Expand/>
</C>
<C c="3" r="7" s="8">
<Expand/>
</C>
<C c="4" r="7" cs="2" s="9">
<O>
<![CDATA[销售额：]]></O>
<Expand/>
</C>
<C c="6" r="7" s="10">
<O t="Formula" class="Formula">
<Attributes>
<![CDATA[=sum(E6)]]></Attributes>
</O>
<Expand/>
</C>
<C c="7" r="7" s="9">
<O>
<![CDATA[毛利润：]]></O>
<Expand/>
</C>
<C c="8" r="7" s="10">
<O t="Formula" class="Formula">
<Attributes>
<![CDATA[=sum(E6) - sum(H6)]]></Attributes>
</O>
<Expand/>
</C>
<C c="0" r="9" cs="9" s="11">
<O>
<![CDATA[“2008年办公用品销售累计”报表功能应用说明：]]></O>
<Expand leftParentDefault="false" upParentDefault="false"/>
</C>
<C c="0" r="10" cs="9" s="12">
<O>
<![CDATA[1、跨层累计]]></O>
<Expand leftParentDefault="false" upParentDefault="false"/>
</C>
<C c="0" r="11" cs="9" s="12">
<O>
<![CDATA[     该报表中，如“累计”列（蓝色背景），分别对“总价”、“总成本”进行跨层累计，从而能够最终统计出2008年销售额及毛利润。]]></O>
<Expand leftParentDefault="false" upParentDefault="false"/>
</C>
</CellElementList>
</Report>
<StyleList>
<Style style_name="Title"/>
<Style style_name="Head"/>
<Style style_name="Head1"/>
<Style horizontal_alignment="0">
<FRFont name="SimSun" style="0" size="12"/>
<Background name="NullBackground"/>
<Border>
<Top style="1" color="-6697729"/>
<Bottom style="1" color="-6697729"/>
</Border>
</Style>
<Style horizontal_alignment="0">
<FRFont name="SimSun" style="0" size="12"/>
<Background name="NullBackground"/>
<Border/>
</Style>
<Style>
<FRFont name="SimSun" style="0" size="12"/>
<Background name="NullBackground"/>
<Border>
<Top style="1" color="-6697729"/>
<Bottom style="1" color="-6697729"/>
</Border>
</Style>
<Style horizontal_alignment="0">
<FRFont name="SimSun" style="0" size="12"/>
<Background name="ColorBackground" color="-1048577"/>
<Border>
<Top style="1" color="-6697729"/>
<Bottom style="1" color="-6697729"/>
</Border>
</Style>
<Style horizontal_alignment="0">
<FRFont name="SimSun" style="1" size="12"/>
<Background name="ColorBackground" color="-1"/>
<Border/>
</Style>
<Style>
<FRFont name="SimSun" style="0" size="12"/>
<Background name="ColorBackground" color="-1"/>
<Border/>
</Style>
<Style horizontal_alignment="4">
<FRFont name="SimSun" style="1" size="12"/>
<Background name="ColorBackground" color="-1"/>
<Border/>
</Style>
<Style>
<Format class="java.text.DecimalFormat">
<![CDATA[¤#0.00]]></Format>
<FRFont name="SimSun" style="1" size="12"/>
<Background name="ColorBackground" color="-1"/>
<Border/>
</Style>
<Style>
<FRFont name="SimSun" style="0" size="12"/>
<Background name="ColorBackground" color="-328966"/>
<Border>
<Top style="3" color="-6894375"/>
<Left style="3" color="-6894375"/>
<Right style="3" color="-6894375"/>
</Border>
</Style>
<Style style_name="Explanation"/>
</StyleList>
</WorkBook>
