<?xml version="1.0" encoding="UTF-8"?>
<WorkBook xmlVersion="20091224">
<TableDataMap>
<TableData name="ds1" class="com.fr.data.impl.DBTableData">
<Parameters/>
<Attributes maxMemRowCount="-1"/>
<Connection class="com.fr.data.impl.NameDatabaseConnection">
<DatabaseName>
<![CDATA[FlyReportor]]></DatabaseName>
</Connection>
<Query>
<![CDATA[SELECT * FROM ORDERS where paid=0]]></Query>
</TableData>
</TableDataMap>
<Report class="com.fr.report.WorkSheet" name="sheet1">
<ReportSettings shrinkToFitMode="0" headerHeight="0.0" footerHeight="0.0">
<Margin top="0.27" left="0.75" bottom="0.27" right="0.75"/>
</ReportSettings>
<ReportWebAttr>
<WebPageContent>
<ToolBars>
<ToolBarManager>
<Location>
<Embed position="1"/>
</Location>
<ToolBar>
<Widget class="com.fr.report.web.ui.impl.page.First">
<WidgetAttr disabled="true"/>
<Text>
<![CDATA[首页]]></Text>
<IconName>
<![CDATA[first]]></IconName>
</Widget>
<Widget class="com.fr.report.web.ui.impl.page.Previous">
<WidgetAttr disabled="true"/>
<Text>
<![CDATA[上一页]]></Text>
<IconName>
<![CDATA[previous]]></IconName>
</Widget>
<Widget class="com.fr.report.web.ui.impl.page.PageNavi">
<WidgetAttr/>
</Widget>
<Widget class="com.fr.report.web.ui.impl.page.Next">
<WidgetAttr disabled="true"/>
<Text>
<![CDATA[下一页]]></Text>
<IconName>
<![CDATA[next]]></IconName>
</Widget>
<Widget class="com.fr.report.web.ui.impl.page.Last">
<WidgetAttr disabled="true"/>
<Text>
<![CDATA[末页]]></Text>
<IconName>
<![CDATA[last]]></IconName>
</Widget>
<Widget class="com.fr.report.web.ui.impl.PageSetup">
<WidgetAttr disabled="true"/>
<Text>
<![CDATA[页面设置]]></Text>
<IconName>
<![CDATA[pagesetup]]></IconName>
</Widget>
<Widget class="com.fr.report.web.ui.impl.FlashPrint">
<WidgetAttr disabled="true"/>
<Text>
<![CDATA[打印[客户端]A]]></Text>
<IconName>
<![CDATA[flashprint]]></IconName>
</Widget>
<Widget class="com.fr.report.web.ui.impl.Print">
<PrintButtons/>
</Widget>
<Widget class="com.fr.report.web.ui.impl.Export">
<Buttons pdf="true" excelP="true" excelO="true" excelS="true" word="true"/>
</Widget>
<Widget class="com.fr.report.web.ui.impl.Email">
<WidgetAttr disabled="true"/>
<Text>
<![CDATA[邮件]]></Text>
<IconName>
<![CDATA[email]]></IconName>
</Widget>
</ToolBar>
</ToolBarManager>
</ToolBars>
<WebPage isPage="true"/>
<WebMargin margins="0,auto,0,auto"/>
</WebPageContent>
<Background name="NullBackground"/>
</ReportWebAttr>
<Header reportPageType="0">
<Background name="NullBackground"/>
<LeftList/>
<CenterList/>
<RightList/>
</Header>
<Footer reportPageType="0">
<Background name="NullBackground"/>
<LeftList/>
<CenterList/>
<RightList/>
</Footer>
<RowHeight defaultValue="19">
<![CDATA[32,14,19,19,19,19,19,19,19,19,19]]></RowHeight>
<ColumnWidth defaultValue="72">
<![CDATA[40,72,72,72,72,72,72,72,72,72,72]]></ColumnWidth>
<CellElementList>
<C c="1" r="0" cs="7" s="0">
<O>
<![CDATA[未付订单汇总]]></O>
<Expand/>
</C>
<C c="1" r="2" cs="7" s="1">
<Expand/>
</C>
<C c="1" r="3" s="2">
<O>
<![CDATA[订单编号]]></O>
<Expand/>
</C>
<C c="2" r="3" s="2">
<O>
<![CDATA[客户姓名]]></O>
<Expand/>
</C>
<C c="3" r="3" s="2">
<O>
<![CDATA[订单金额]]></O>
<Expand/>
</C>
<C c="4" r="3" s="2">
<O>
<![CDATA[签订时间]]></O>
<Expand/>
</C>
<C c="5" r="3" s="2">
<O>
<![CDATA[付款方式]]></O>
<Expand/>
</C>
<C c="6" r="3" s="2">
<O>
<![CDATA[发货方式]]></O>
<Expand/>
</C>
<C c="7" r="3" s="2">
<O>
<![CDATA[发货时间]]></O>
<Expand/>
</C>
<C c="1" r="4" s="3">
<O t="DSColumn">
<Attributes dsName="ds1" columnName="ORDERID"/>
<Condition class="com.fr.data.condition.ListCondition">
<JoinCondition join="0">
<Condition class="com.fr.data.condition.FormulaCondition">
<Formula>
<![CDATA[year(SIGNDATE)=$year]]></Formula>
</Condition>
</JoinCondition>
<JoinCondition join="0">
<Condition class="com.fr.data.condition.FormulaCondition">
<Formula>
<![CDATA[month(SIGNDATE)=$month]]></Formula>
</Condition>
</JoinCondition>
</Condition>
<Complex/>
<RG class="com.fr.report.cellElement.core.FunctionGrouper"/>
<Result>
<![CDATA[$$$]]></Result>
</O>
<NameJavaScriptGroup>
<NameJavaScript name="订单明细">
<JavaScript class="com.fr.report.js.ReportletHyperlink">
<JavaScript class="com.fr.report.js.ReportletHyperlink">
<Parameters>
<Parameter>
<Attributes name="orderID"/>
<O t="Formula" class="Formula">
<Attributes>
<![CDATA[=B5]]></Attributes>
</O>
</Parameter>
</Parameters>
<TargetFrame>
<![CDATA[_blank]]></TargetFrame>
<ReportletName extendParameters="true">
<![CDATA[/demo/complex/orderdetail.rpt]]></ReportletName>
</JavaScript>
</JavaScript>
</NameJavaScript>
</NameJavaScriptGroup>
<Expand dir="0"/>
</C>
<C c="2" r="4" s="4">
<O t="DSColumn">
<Attributes dsName="ds1" columnName="CUSTOMERID"/>
<Complex/>
<RG class="com.fr.report.cellElement.core.FunctionGrouper"/>
</O>
<Present class="com.fr.report.cellElement.DictPresent">
<Dictionary class="com.fr.data.impl.DatabaseDictionary">
<FormulaDictAttr ki="0" vi="1"/>
<DBDictAttr tableName="CUSTOMER" schemaName="" ki="0" vi="1"/>
<Connection class="com.fr.data.impl.NameDatabaseConnection">
<DatabaseName>
<![CDATA[FRDemo]]></DatabaseName>
</Connection>
</Dictionary>
</Present>
<Expand dir="0"/>
</C>
<C c="3" r="4" s="5">
<O t="DSColumn">
<Attributes dsName="ds1" columnName="AMOUNT"/>
<Complex/>
<RG class="com.fr.report.cellElement.core.FunctionGrouper"/>
</O>
<Expand dir="0"/>
</C>
<C c="4" r="4" s="6">
<O t="DSColumn">
<Attributes dsName="ds1" columnName="SIGNDATE"/>
<Complex/>
<RG class="com.fr.report.cellElement.core.FunctionGrouper"/>
</O>
<Expand dir="0"/>
</C>
<C c="5" r="4" s="4">
<O t="DSColumn">
<Attributes dsName="ds1" columnName="PAYMETHOD"/>
<Complex/>
<RG class="com.fr.report.cellElement.core.FunctionGrouper"/>
</O>
<Expand dir="0"/>
</C>
<C c="6" r="4" s="4">
<O t="DSColumn">
<Attributes dsName="ds1" columnName="SHIPMETHOD"/>
<Complex/>
<RG class="com.fr.report.cellElement.core.FunctionGrouper"/>
</O>
<Expand dir="0"/>
</C>
<C c="7" r="4" s="6">
<O t="DSColumn">
<Attributes dsName="ds1" columnName="SHIPDATE"/>
<Complex/>
<RG class="com.fr.report.cellElement.core.FunctionGrouper"/>
</O>
<Expand dir="0"/>
</C>
<C c="7" r="6" s="7">
<O>
<![CDATA[返回首页]]></O>
<NameJavaScriptGroup>
<NameJavaScript name="首页">
<JavaScript class="com.fr.report.js.ReportletHyperlink">
<JavaScript class="com.fr.report.js.ReportletHyperlink">
<Parameters/>
<ReportletName>
<![CDATA[/demo/complex/ordersCollection.rpt]]></ReportletName>
</JavaScript>
</JavaScript>
</NameJavaScript>
</NameJavaScriptGroup>
<Expand/>
</C>
</CellElementList>
</Report>
<StyleList>
<Style style_name="Title"/>
<Style style_name="Head"/>
<Style style_name="Head2"/>
<Style>
<FRFont name="SimSun" style="0" size="12" foreground="-16776961" underline="1"/>
<Background name="NullBackground"/>
<Border>
<Top style="1" color="-6697729"/>
<Bottom style="1" color="-6697729"/>
<Left style="1" color="-6697729"/>
<Right style="1" color="-6697729"/>
</Border>
</Style>
<Style style_name="cell"/>
<Style horizontal_alignment="0">
<Format class="java.text.DecimalFormat">
<![CDATA[¤#0.00]]></Format>
<FRFont name="SimSun" style="0" size="12"/>
<Background name="NullBackground"/>
<Border>
<Top style="1" color="-6697729"/>
<Bottom style="1" color="-6697729"/>
<Left style="1" color="-6697729"/>
<Right style="1" color="-6697729"/>
</Border>
</Style>
<Style horizontal_alignment="0">
<Format class="java.text.SimpleDateFormat">
<![CDATA[yyyy-MM-dd]]></Format>
<FRFont name="SimSun" style="0" size="12"/>
<Background name="NullBackground"/>
<Border>
<Top style="1" color="-6697729"/>
<Bottom style="1" color="-6697729"/>
<Left style="1" color="-6697729"/>
<Right style="1" color="-6697729"/>
</Border>
</Style>
<Style>
<FRFont name="SimSun" style="0" size="12" foreground="-16776961" underline="1"/>
<Background name="NullBackground"/>
<Border/>
</Style>
</StyleList>
</WorkBook>
