<?xml version="1.0" encoding="UTF-8"?>
<WorkBook xmlVersion="20091224">
<TableDataMap>
<TableData name="ds1" class="com.fr.data.impl.DBTableData">
<Parameters/>
<Attributes maxMemRowCount="-1"/>
<Connection class="com.fr.data.impl.NameDatabaseConnection">
<DatabaseName>
<![CDATA[FlyReportor]]></DatabaseName>
</Connection>
<Query>
<![CDATA[SELECT * FROM STSCORE]]></Query>
</TableData>
</TableDataMap>
<Report class="com.fr.report.WorkSheet" name="sheet1">
<ReportSettings shrinkToFitMode="0" headerHeight="0.0" footerHeight="0.0">
<Margin top="0.27" left="0.75" bottom="0.27" right="0.75"/>
</ReportSettings>
<RowHeight defaultValue="19">
<![CDATA[19,19,19,19,19,19,19,19,19,19,19]]></RowHeight>
<ColumnWidth defaultValue="72">
<![CDATA[72,78,72,72,72,72,72,72,72,72,72]]></ColumnWidth>
<CellElementList>
<C c="1" r="1" s="0">
<O t="Formula" class="Formula">
<Attributes>
<![CDATA[=range(1,5)]]></Attributes>
</O>
<Expand dir="1"/>
</C>
<C c="1" r="2" s="1">
<Expand/>
</C>
<C c="2" r="4">
<O>
<![CDATA[]]></O>
<Expand/>
</C>
</CellElementList>
</Report>
<StyleList>
<Style>
<FRFont name="SimSun" style="0" size="12"/>
<Background name="NullBackground"/>
<Border>
<Top style="1"/>
<Bottom style="1"/>
<Left style="1"/>
<Right style="1"/>
</Border>
</Style>
<Style>
<FRFont name="SimSun" style="0" size="12"/>
<Background name="ColorBackground" color="-6697729"/>
<Border>
<Top style="1"/>
<Bottom style="1"/>
<Left style="1"/>
<Right style="1"/>
</Border>
</Style>
</StyleList>
</WorkBook>
