<?xml version="1.0" encoding="UTF-8"?>
<WorkBook xmlVersion="20091224">
<TableDataMap>
<TableData name="ds1" class="com.fr.data.impl.EmbeddedTableData">
<Parameters/>
<ColumnNames>
<![CDATA[Id,,.,,Preid,,.,,Sales,,.,,OutStanding]]></ColumnNames>
<ColumnTypes>
<![CDATA[java.lang.String,java.lang.String,java.lang.String,java.lang.String]]></ColumnTypes>
<RowData>
<![CDATA[<K==!!$MV8CMk%^!8W.1"/Jd4o>sYPPtse3?()kK1)1kL8*.hb)Zbg8RUW3C2Uo#e#D;.^45
;m31=5Fp'*^,0?q.]AQ52Q8"Xt)8p?4@]A\E-?*g%/Bo~
]]></RowData>
</TableData>
</TableDataMap>
<Report class="com.fr.report.WorkSheet" name="sheet1">
<ReportSettings shrinkToFitMode="0" headerHeight="0.0" footerHeight="0.0">
<Margin top="0.27" left="0.75" bottom="0.27" right="0.75"/>
</ReportSettings>
<RowHeight defaultValue="19">
<![CDATA[19,19,19,19,19,19,19,19,19,19,19]]></RowHeight>
<ColumnWidth defaultValue="72">
<![CDATA[72,72,72,72,72,72,72,72,72,72,72]]></ColumnWidth>
<CellElementList>
<C c="0" r="0" s="0">
<O t="DSColumn">
<Attributes dsName="ds1" columnName="Id"/>
<Condition class="com.fr.data.condition.CommonCondition">
<CNAME>
<![CDATA[Preid]]></CNAME>
<Compare op="0">
<O t="NULL"/>
</Compare>
</Condition>
<Complex/>
<RG class="com.fr.report.cellElement.core.FunctionGrouper"/>
<Result>
<![CDATA[$$$]]></Result>
</O>
<Expand dir="0"/>
</C>
<C c="1" r="0" s="0">
<O t="Formula" class="Formula">
<Attributes>
<![CDATA[=sum(B3)]]></Attributes>
</O>
<Expand/>
</C>
<C c="2" r="0" s="0">
<O t="Formula" class="Formula">
<Attributes>
<![CDATA[=sum(C3)]]></Attributes>
</O>
<Expand/>
</C>
<C c="0" r="1" s="1">
<O t="DSColumn">
<Attributes dsName="ds1" columnName="Id"/>
<Condition class="com.fr.data.condition.CommonCondition">
<CNAME>
<![CDATA[Preid]]></CNAME>
<Compare op="0">
<ColumnRow column="0" row="0"/>
</Compare>
</Condition>
<Complex reselect="true"/>
<RG class="com.fr.report.cellElement.core.FunctionGrouper"/>
<Result>
<![CDATA[$$$]]></Result>
</O>
<Expand dir="0" leftParentDefault="false" left="A1"/>
</C>
<C c="1" r="1" s="0">
<O t="Formula" class="Formula">
<Attributes>
<![CDATA[=sum(B3)]]></Attributes>
</O>
<Expand/>
</C>
<C c="2" r="1" s="0">
<O t="Formula" class="Formula">
<Attributes>
<![CDATA[=sum(C3)]]></Attributes>
</O>
<Expand/>
</C>
<C c="0" r="2" s="2">
<O t="DSColumn">
<Attributes dsName="ds1" columnName="Id"/>
<Condition class="com.fr.data.condition.CommonCondition">
<CNAME>
<![CDATA[Preid]]></CNAME>
<Compare op="0">
<ColumnRow column="0" row="1"/>
</Compare>
</Condition>
<Complex reselect="true"/>
<RG class="com.fr.report.cellElement.core.FunctionGrouper"/>
<Result>
<![CDATA[$$$]]></Result>
</O>
<Expand dir="0" leftParentDefault="false" left="A2"/>
</C>
<C c="1" r="2" s="0">
<O t="DSColumn">
<Attributes dsName="ds1" columnName="Sales"/>
<Condition class="com.fr.data.condition.ListCondition"/>
<Complex/>
<RG class="com.fr.report.cellElement.core.SummaryGrouper">
<FN>
<![CDATA[com.fr.data.util.function.SumFunction]]></FN>
</RG>
<Result>
<![CDATA[$$$]]></Result>
</O>
<Expand/>
</C>
<C c="2" r="2" s="0">
<O t="DSColumn">
<Attributes dsName="ds1" columnName="OutStanding"/>
<Condition class="com.fr.data.condition.ListCondition"/>
<Complex/>
<RG class="com.fr.report.cellElement.core.SummaryGrouper">
<FN>
<![CDATA[com.fr.data.util.function.SumFunction]]></FN>
</RG>
<Result>
<![CDATA[$$$]]></Result>
</O>
<Expand/>
</C>
</CellElementList>
</Report>
<StyleList>
<Style>
<FRFont name="SimSun" style="0" size="12"/>
<Background name="NullBackground"/>
<Border>
<Top style="1"/>
<Bottom style="1"/>
<Left style="1"/>
<Right style="1"/>
</Border>
</Style>
<Style>
<FRFont name="SimSun" style="0" size="12"/>
<Background name="ColorBackground" color="-256"/>
<Border>
<Top style="1"/>
<Bottom style="1"/>
<Left style="1"/>
<Right style="1"/>
</Border>
</Style>
<Style horizontal_alignment="4">
<FRFont name="SimSun" style="0" size="12"/>
<Background name="ColorBackground" color="-3342337"/>
<Border>
<Top style="1"/>
<Bottom style="1"/>
<Left style="1"/>
<Right style="1"/>
</Border>
</Style>
</StyleList>
</WorkBook>
