<?xml version="1.0" encoding="UTF-8"?>
<WorkBook xmlVersion="20091224"><TableDataMap><TableData name="ds1" class="com.fr.data.impl.EmbeddedTableData"><Parameters/><ColumnNames><![CDATA[分店号,,.,,肉类,,.,,销售额]]></ColumnNames><ColumnTypes><![CDATA[java.lang.String,java.lang.String,java.lang.String]]></ColumnTypes><RowData><![CDATA[4jL_M!\k+<iVJq]As2f,5kY>Rh6ieSH"W\6""5FYsCa\>>33PLGS3Hi%H9G%P-p-(o4tj[g1,
5a!]A:9e%3-`(n.ehu8^Xa$F]AGnuH?g;>,/ac;jcH]A+i:b^<u.$$Mc=G)`JZ]A.(J"'9]AD8\s(
]A,6]A=:Fj=Jmqe.%GTm`1\>(PL42C2uXD=O(V_N`)I(<0aB-N+#~
]]></RowData></TableData></TableDataMap><ReportParameterAttr><Attributes showWindow="false" delayPlaying="true" windowPosition="0" align="1"/><PWTitle><![CDATA[参数]]></PWTitle><PP class="com.fr.report.parameter.CustomParameterProcessor"><UnitProcessorMap><ParameterUnitProcessor parameter="year"><UP class="com.fr.report.parameter.processor.FormulaUnitProcessor"><Formula><Attributes><![CDATA[=if($year=="",nofilter,$year)]]></Attributes></Formula></UP></ParameterUnitProcessor></UnitProcessorMap></PP></ReportParameterAttr><Report class="com.fr.report.WorkSheet" name="sheet1"><ReportSettings orientation="1" headerHeight="0.0" footerHeight="0.0"><Margin top="0.27" left="0.7499999999999999" bottom="0.27" right="0.7499999999999999"/></ReportSettings><ReportPageAttr><HR/><FR/><HC/><FC/></ReportPageAttr><ReportWebAttr><EmailManager mailHost="" password="___" user="" fromEmailAddres=""/><ServerPrinter/><WebPageContent><ToolBars><ToolBarManager><Location><Embed position="1"/></Location><ToolBar><Widget class="com.fr.report.web.ui.impl.page.First"><WidgetAttr disabled="true"/><Text><![CDATA[首页]]></Text><IconName><![CDATA[first]]></IconName></Widget><Widget class="com.fr.report.web.ui.impl.page.Previous"><WidgetAttr disabled="true"/><Text><![CDATA[上一页]]></Text><IconName><![CDATA[previous]]></IconName></Widget><Widget class="com.fr.report.web.ui.impl.page.PageNavi"><WidgetAttr/></Widget><Widget class="com.fr.report.web.ui.impl.page.Next"><WidgetAttr disabled="true"/><Text><![CDATA[下一页]]></Text><IconName><![CDATA[next]]></IconName></Widget><Widget class="com.fr.report.web.ui.impl.page.Last"><WidgetAttr disabled="true"/><Text><![CDATA[末页]]></Text><IconName><![CDATA[last]]></IconName></Widget><Widget class="com.fr.report.web.ui.impl.PageSetup"><WidgetAttr disabled="true"/><Text><![CDATA[页面设置]]></Text><IconName><![CDATA[pagesetup]]></IconName></Widget><Widget class="com.fr.report.web.ui.impl.FlashPrint"><WidgetAttr disabled="true"/><Text><![CDATA[打印[客户端]A]]></Text><IconName><![CDATA[flashprint]]></IconName></Widget><Widget class="com.fr.report.web.ui.impl.Print"><PrintButtons/></Widget><Widget class="com.fr.report.web.ui.impl.Export"><Buttons pdf="true" excelP="true" excelO="true" excelS="true" word="true"/></Widget><Widget class="com.fr.report.web.ui.impl.Email"><WidgetAttr disabled="true"/><Text><![CDATA[邮件]]></Text><IconName><![CDATA[email]]></IconName></Widget></ToolBar></ToolBarManager></ToolBars><WebPage isPage="true"/><WebMargin margins="0,auto,0,auto"/></WebPageContent><Background name="NullBackground"/></ReportWebAttr><ReportWriteAttr/><RowHeight defaultValue="19"><![CDATA[30,19,19,32,19,19,19,19,19,19,19,19,19,19,19,19,19,19,19,22,19,19,22,19,36,24,19]]></RowHeight><ColumnWidth defaultValue="72"><![CDATA[68,89,66,72,72,72,72,72,72,71,26,72]]></ColumnWidth><CellElementList><C c="0" r="0" cs="9" s="0"><O t="Formula" class="Formula"><Attributes><![CDATA[=format(today(),"yyyy/MM/dd")+"各个超市分店肉类销售情况"]]></Attributes></O><Expand/></C><C c="0" r="1" cs="9" s="1"><O><![CDATA[单位：斤]]></O><Expand/></C><C c="0" r="3" cs="9" s="2"><Expand/></C><C c="0" r="4" cs="9" rs="15"><O t="CC"><LayoutAttr selectedIndex="0" columns="0"/><Chart name="Default"><Chart class="com.fr.chart.Chart"><GI><Border style="0" color="-16777216"/></GI><Title><GI><Border style="0" color="-16777216"/></GI><O><![CDATA[图表标题]]></O><TextAttr><Attr alignText="0"><FRFont name="SimSun" style="0" size="12"/></Attr></TextAttr><TitleVisible value="true"/></Title><Plot class="com.fr.chart.plot.XYScatterPlot"><Plot><GI><Background name="ImageBackground" specifiedImageWidth="-1.0" specifiedImageHeight="-1.0" layout="3"><Image width="1000" height="448"><![CDATA[mG2Jt?+5q#i;`gM4IO=8e?#pG`/3M#cK<'2f>O/[IG[UJUc>(s9/T`34nQ\o]A,PuY4GA.gH-
ZL0%D9&9^%TJ!K@a`/qKXLSg_'4?q?-U"e3E52N;A[_6%8t/#PJ\,J(0O,/t[dqK_bfJa8SC
'X+/W[I'1cBT0W@+r<)=,ocp*PkFb&5rkSN<Io-11+8$kNX)[bZ:k)mQJGMe7aQN+SkYJ-AY
^c!]AeA(iMrQ+0q2u42d5HoW&rM+h)pnp'cTA(;$67o?9nFMdqq'1UZ+8#m4O8\*fV>brolT=
_;R@o&PkNX/`4&CE7s2Z"tkK)iW\U:QpTKf.L_#CTggoo5BHuAuJTCTNUM#/3k5HoW&rM+i&
F86gJ-e'6j5P>WQ?i?aKjE!2=rWMKsllT((W#th?5!ShqRhn#h#B@JOrkSN<J)%6Ws!uZEk5
?NsO.Xa*XRXL,52Gb-c7^/!7Qm*CaB6+SNU"hP)XSXDa8JX/s7C\f_>;HiIn&n!_>3k=^HAu
&n#ub@ldT?jmIbN*YJ"rLfWj&kT(MVYa55,a4o`4Q^\Ra[rI355n$Tu0rMP/FjRlOOr>+:?T
tZiho?71&1%Y#7/o^Uc4_Do%^TI0krV_*;f@Kah^Q6tDmgK6_f6dLlqePZHO5<+Ol[S0sW.+
c*^>GhQ?\8/fp\cP5GBMnm'_M4'ZN'`Vf&uN#rn5&9p%QeH^T.>0UXep\Vm!:1+5,PdGCO=t
TBZB'@-@4K4o`q.[J/iSn"8;!\,,^h^>E!V?ec1RF89')Qd>>3pETK=5*sUWF89')Qd=c7q7
QJ"p?o\jkO[p5ao;5+=4i"JqepS+c@.s9rr$K%J+oGCmjF^Qqs/1gJ*KfnQd>=Hlp(;>5.CO
Z:[X"0?Tsg;glL!XI',ZoF-+`0F89')Qd=J`bcgcmhq\8&cMp-/lMO,sYJ/?73rc>VYMRSiH
[X0<o<7HX07*ZjI_Xb.hcoaN7DF?EqFAk-p%ssE0t.(VIsr.2I+?R#lH`Q1I&VQZN6YeU#Ph
UgQd=c7q-6+McfK6D>X"M#j`C6&50ok9>0l[&pUeiMF78eJrdNPl6hU,shHraU?h]A?.o.t]AA
U\F6DpQ+V<D>*sqrV:fla6<1p^&M\OhpLmWd6IYqcfK6D>X"M#j`C7QrD5\EcfK6D>X"M#j`
C6&5*sUWF89')Qd=c7q-6+McfK6D>lU)8j`C6&IZr*[YC,beCB%=>5P\PJQd=c7q0^Ec/"bS
reEr=EcSt^u_oVLT4eGa#J+`lf\%;0LIE&uc1\^i<r_d+o\c.Nd+eLjR_>,FMRpZ!HqTJ&\?
,,s@)FFD6^KNkO(]A'Wt`qnlf0>G6*;=s$Qf6dL`l?DLipTFPQo@*Pbea'")kP'G>m/=&4rC6
P]Af)'7UrAAnN*PF[JJ,\$qWkQ6RpZLE341`3$?D$HQ+aa76^:pr2J"k6ozzz!!!#]A0`'\!YQ
"E-r;O@Co2E>OWrIO8fmc4dpAV&+c.tTS?iSOB8#-+`XP*'?ZhIPqbM)i?pA9nu/t_I%qPS]A
nT?HEoVgL+hbNJH,roee[T?HEg\U:Q0b3/?+o1;-4cfK6*?Tsh&h(Rl2pE03951`$l:\e6ZQ
d>>#q-6+McfK6HdJZs,GQ.[Dzzz!+6L*J*UQFd@WWbo:LC/X:P0J]A^OJKq6R8#p@m1ra0,I!
p$)ILrk6)<bP\DjS<)V+PgA0(llZ%.5'I4r&)LYWa8F-Ded).@5*sUWF8\NkGQ1M>hV\-?rm
a6Y7rWq"kO(;&O*iRPX&&]A1qmX8r3<0$Z+P>#t3Y)2jzzz!!iQ#RgT2rzzzz!$q&P^V'mQzz
!!)!WrU!5Xzz!!!Su5Mj*Szz!!!#Xrpt=M!<<*"z!!!!Agjd"Y#ljr*zVWZ8:zzz!!!#WpU:
5)zz!0G0L^O,dEMah3mE@p>%r0r3%D_rC*5GQV>N$&)_SS-fm?o6FRT=`n"4IUckDuGYbU]A+
m_)N@<XW3#Z.[L^Tsq7$?RrW`E_T?Y,2Pg9C&*rp7D4.jd4q7$?RrWeP)s1W[hl?`1sK1e_Y
U\QkKefW9=!!)2gq+!URd!l&2q.pPc^\PA<JGocR31nI1H'HVUoH/VHIe!E6U!<T9_gCieK?
Hd/U\QkKefW9=E.>q)@f::1Rt'L?!<!/sGO'$mT6^D0Q\RKrq[`/oCCREd0otJSr*+Y9s24d
Ul\kGVq/$%mcN3Y[gu#6;osOe]AaSBW^c+j(`rdb!'q`E@fKf;3*1:5`lIsA`ChVdZ2o4\-J^
\%j(5MY/$^0#lTcfQ>F*'jP?rS@<R?gDWjb+I!]AgR(A"DuQk'T`=!MNqH-,&eq5Bc+j(8Rt'
`73.Co.z!!%Ol^%mH,zz!!!!1m[&F9!WW3#z!!!GIT-"19!!)g7!!!"\cN+"G5X#F'mJQ6F<
ri;Uir0#[!!)RM!!!!AT*#&nz!!$!klT\_Yzzz!!%P%\,LCgzzzz!!%NPIe2M-zz!!!!)pY3
I>"98E%zR,%@(jq%Lm?k%&Sm05BDkZSpH\C&aN2p@EW"ndlO;1GNoJ6+c.lLrGsrbR"b0BsM
;F&9W%Hk$,V!:mZ\"98F(amVF)afI\?rkc)1R7@5W!0GNjHfsEn)jqr:$gJ]A(U]A+*i!:m]A"N
:dAINI264-["^0JXs@A_Y*;a7fWMhOO!q-!'i_,LB%;S+J/`9!.]AGLT*#&nXQJ=p\!bbo2da
)"4nApZ!!)RM!!!#?kN3<U!+7,A]AuXnDNpiNAB<46,7lbqnn`I4O@l,*`7\e@E1`D?hNZXe%
Fn#C+is.)oV<?g*<Q9m]AaCmCKNCK\jBJ^XZb%EO-_jND)QpUiR!7o5hTAH$j+$XHqqtpHp!.
]AG,!!!#i\U4ke!5N@FoX!:NqpVH[AtM9f!!&,,!<<*b5*sRr!!$+QT726%C4H5ac0Y$,!!!#
i3<0$ZaQN+S!!!#?k5YJ^%$XQ&\3%+5I,8K/q#^Ts!;RT7!!))$q&BA7JCX5TQZo>#i>6?CT
0E;U!*8[0c."rTnlCt@cPQP/]Ag"`-I]ABSIp@X>Ms609ds2OJ6URuJ"cems`HhR%iH[WE=\j)
4&ru-<7j3PL+WI=R'N@*>N0DbWnIt%%f<*u9alPI86dIV/RNSV?=5Mnr&^X;fMm,r<\qJ^q,
IiS:`2>[5_5QBecq-8E2cfK6F:Hk,kj`C6&^6-b'F89')++JbA!!!!X%fZ>!RfEEgz0YP7"j
&TpJhllnQp&9@9X7lP6^AcOOC]ABCM^ICHF7\@HCp\4%;Dta$HIs$5\q>N8Jr)V.io""Y"rZI
iVkOtNq.A+fHo!s/9rp'J2T?HEjIIu(WNFr4d"J@tfIEX>Ec4?uuTKh[:f#R]AW?N?T<3T^hP
zz!!#d3a'[^1Q2UN/H0J,Ua8DB5!1Y.^ch[\='@t5%!oX!lq>oeUf#R]AW?N?T<VsRNKO1r39
;>.3^rViq)IsuRoh_0?T<r[L3?[I:d5Ij!crJl<@akhM;T3pdEh",H6X$?Db5*sUOhrSqFn,
0N+hTu.+5*sUWF7goQX&&Or5'ML?cfK6D`q_$TlgO91k#Xa5J*cXWlgN%V\!saRs6-ZTrVjL
^-[U80bPltDlaQ`B>Q<FS6iY:,q<E1jqb?e`48Sk95NeVfqcj$@kOQ02mf"i2>CYh.p%<e%n
++#:/t]A1/q-8?jkOQ1\RsZi\b;[^:q-8DnIlG.5\borecX)*nI!_b_lh?J>qVL\uH[W3O8$q
XOQb@jKJ%bNY]Ag).]Agn1d!a1gGAn%YXDYOci'q7",hT6r8`bNJ<^o""F;r`NUskPd*+bNJH,
qNK68c2RSVX8hu>CB+6`g$<;C^HXLNql*rolhkoi;"O.*@K5VRqQoc6rC&o:cfI[iCOVi3c3
O(SpIji@q;&gP&,G#WlS&+4HnIXP?g"oi!Vm`4=+AH,^B"<7!+u90oo/kHpL^V$d=;2Um-gj
$c*-`nq*<3^T8NTJ5O-S?GOu^I>X"JreZ\dkIQJY,5MRoo^ZV6broN%Q!<<+MGb9C?p\=QnG
7Qn9mdAY9lh@$"rj/fCk8X<sH@Pq\n#(WZYOgNE@-k4Kf&-;^q8^0uIK%L=s#(dT7\e@E1`D
?CUX9o?!WW3#z!!!!aZnK/,$NL/,zzz!!!!a!agD#%fcT3M>K43!!(+'!!!"LHk$,V!!&;_r
Tnq4!+7,@hZ*WV+J/`9!!)RMd'%p!0WMaEbTQrd!6F='!.I-P!$f#*a;b6]A!.]AG,!!!#i\bQ
=-=P#dOIfR9KmPcnV!!!!AT*#&nJ:)86!!(U3chHUo+6tlZh[_Gsq"s7"(]AE7f7]A`fiRX9M=
J)(X+?g(;2#Pm0O+eS'2mPi]Au5'K6`Ie($sNo(?PJ3Vp$!'jjtS_Mi=o?jj-edqR]AJ(SrElQ
=^0rPJNVrO:qe=2,h<^Tdag[sS\V\ar8i\%_FDqk<bJcfK6HB*Wr94_S@9!<?6JfB7?:npIg
GO7bk(f,qHWs8%NDFh_nqErW7%s4-Rnc7eO6oduegI-uC0s/iJPmXFBujE(-e#64`(zz&FSl
U3rf6\zz&FQ"q]A)Vg2zzzzz4S.sZLB%;SzzOMm1,BJ^We7\e@E1`D@n_"#&"mS>o.T8Q@sO0
d0)oiHXohe5u=7dFtLWdgf?>AKb`o=8aH%^!MBZi6WsYl:<p;1D[ijE&O0l4<1kl6"NJoeCs
I?i=,W:k)Ss;#dK/Fe$/;?u"S)DDV1f=b$*WrB^BjrB^CWrieT-kEpbK+4_O`5H$g4@stGnq
Qp0orilBpr_\/I+67KYB`:kY=FX0I0M_TBr;_:2L%R[efdf-'7=Y=2QT&.Fr78'\s8/75I<s
4Ho`")\J*KQ(R<a:/^Tm*3J"u9&Y:\P5Hf+l%IQ0R,A,Gq+gnV]AX^N;XkI=CM6g]A)]AH^-96n
07*ZjY!;TSs3/-j^#.K8YJ8J\0qXq&k9KQ.HnM&'J&pgD\c1Xg+eQs@ni?9Oo?m@^T?HEk^O
.Z+bNHBbaKOGr5"@e<?d;1&F89')GQ3cNj`CC@rBic8cfK4[aQK]A"Qg.c+BD2/-rp%i+KDNL
^KDJ+:@==6`1&n1:X?WY5:k.':qH/7?BDk-p@JrLjU]A/hc*rl9@zVK_IN!rr<$zz#^?:5%KH
J/zzKH'm9a7k%tdJs2r^HVaApSU#,J!']AEp\`>9rNk*op%:WL+MVISn++#:/t[cDC&Z>;HnM
&7=/[5%(\q<"Qd5^,$hGa<bNJH,rN#ss+(iUWXY*l59s+0e<M,oIq#gK\:NL(G,5ZlYq47K]A
B<U4Xl\#%"I`^=$j`C6&4pUo3r0\Z&>X"LX:d<#So!s-#T*+Ktk"e1-cfK6F=8u,^b`L.T?+
g.j[GL@RI=@pR&*UJec&qg[m/Oc^GP:Kt]Amd#c&*aDq-#8!scfK6D*99caB7Ao_q-:X#r?/l
IYHLUFr]A^A_zzz!3kPTonQ7fJ,e*Gml`n_hgb:oNIJUplY#qaZT`HVO8<tt6lNafB7Kp.n))
[mKD_'_r^X.&qbo\Fcde)(/t^>MlI5PRT=\IRkO/B@\U6$%bNJ"h5*u<1+8K/*Qd=c7q-6+M
ceT]A(F8:4Xi6%$L9mV<hf$EeJ5LJA<o_FJq^=hgbp@YaUF3fpDFT+ZH]AmaUDrmC2lebd8NrB
L2WWt1Tlk@:iJ55'd+6iErj!<!LK^XBlYcdb8V2h:l9fY9Tlqnr<)Iag$$rWp#@l!MNpl6#s
D5_#Bkr?8MDhuDX+eVO/YDLJI5oPXa.)6eU=55'd+6iErj!<!LK^XBkn+6jsH)aJnEn,37e!
.`Pf&-)\1zzz%^+Z9"98E%zzz_n1*XEKeuBTDe_`^OPnRARE4"TATRsIfIgm-ai9DqY=rWfH
9NOc?GArj`C7Qq4g0qkOLY(\U9EbmX>9rcNaFMzz!*I/3gJ<RTH[`9HDsuki5(D,Wa6`]AXr7
0Z=lIZ%$=[1H_BD]AUGE'JBWK7#;DbNI.mrBWW6c]AQQ8F6%E:,G8p<IsC=)o`'8[bUB)Rc_'f
A%?Iq;c(BCOr`%eKq`dS7O6^0D3V%IgkHB74J`6&EGBUG7=4jGDs8.62r)(**h;@#Fc!T?+s
86N3[s*:KI/3A8r<rM[r42i8s6)[_rc`u2qe]AP9kOXJfo1/3EfAH7Fo9X\$5L8=.k[3!Bk0N
u2qa^[k5Kt;$&"%eFlX,2A!VWGiC&Y3+o`P(u4pU^E_#?0?=?jV#f=q=a"74>Tqt%gu]AoAcL
B_1gYf&+tA"7La22u!<dEVJE]AqA8k?q/cSPrm?5VF86g=PQ$U<PL&nTqqqB3J,0EDO8UN"bN
J0JqW[J2:Hk,kZ2`(@q[`DH2L9lQg)_>=\:\U.rhc:%kl'%X5..Pcrh;VUFa^=bDs%WjTC`Z
e<V-%As6NPQ-_JTFl3HW*T0'g(q4rM=0DXE&1k5),I#e2BIH>Or&,MXi.l68XRs4TcMZ3J'n
)*m8+$]AZ&4?9osn'SD+p?1Z2\(Qtaq-29oIX:=n^S9&Pkk0l$%su4/?hXG\HiI'KYQ!]Alo^a
^c?N8PEmgjI%L[+W+kk!.!+SY[`T?HEg\U6$%bNJH,HnM&7kOLY(\U<go+J6j?o!s-#T?HEg
\U6$%bNJGmHnM&7kOSEWq>AgWV]A.49rmKE-IX^VWDuKU1rH[_cZgVo6nZeDJ-_o#FAp]AI-\"
rcro[\A=p&=d0deU8WI]A`(2]A0GY)YKtek+hI\QmsiaJDs[Do5Q@IMIo5b4Y:dEdOuklrkO[:
%C\7Fh]Ag"sC+&D(t5(7nPh`616>l+:uFo::[datsWs45M'r;*8g[s1-j)g_K!a-O?brPu*fA
?Y1^4SIW=9B4I`09(n_]ApR-<1qeD4rm6#l/?Ve;rmuFFAFG#]Af>%(VAj?<iT78knn!1'Ul=9
Vf`L&\NFRS7LpRe;ZCNt>)hOe!;X7uM!T&22:Csqk8T5Qf'>l6d$l1KGWa3O;.IJme#eUQuc
AK6$q]A0G3$T3jhQT+_a(^Yn]ARIk^S$?gHTprg3W^HL_!nHk(V>2:&4Q<nguF5+hMgqNrArn,
-kAkNZ,u_#CXSE'C<El\G;D53<+5L]A!f/OjC;IXA>Pg$NL/,zzVkNqD(F_!6r)c2TCON:Fq(
_maT?mI(I:@]AZ?W\ECA,S*rf#R]AU+7h.XX&&=;T3HgBbPF2jJ%FAFSno,>q9dMIHi<SCTAJn
gqY]A%4Dta-,]Amd9=TDmWTri4:OFF@5_J,=$LrFQ"5+8%GYrQ=p]AT?HEkYPXg\6[tCDjE(&;q
oedeT?HEg\b^A2ali6*r[a\bkN^Cl8j9`!lnA7nrC[$u?chL%\U8;p]A"^6ioOmtc5'R%3^RX
3P\U6$%T18c>TDT0'q7Q.k1&LoU5+ap/qtdkLn*9__qYb(!r#oFhkOs[YmX?g]AbNJH,qhKPO
T?G:G\U6$%bNJG]AI'.qZF6=5-\U6$%bNJH,YF!SkJ)h.98j9^KjRWTM?9ID:j.6';hrhMSpX
cUV5"j4AgpgOYgl!&Vm(]A[g6U!0:Is]Adcn,:l8rEJU&b5EW4s$tUhF8Z6V^O.(as4-R&c1RG
$r_k+M7Fbc:rAVjoeuLu1.t9tMo;MSn<h4']A5F9B:pQ#5seT$RoXo/"Bo2gA>X,F-Qg%U!hp
Rcm6cbBDTYPNJC;1JG'qDEa_T>.BJk,)^=.t<#&q.j"/q4gsH^X`)Y#k)-2I]A\+uo5Ag?5Ph
;SS+HWZIbc+%c^dl&\b"ANQd=FtXhXk9rp;rCX8_0Qq-6+-5I%uZ&*7m2ebQ<H3rb;&gjdhG
I'.q[F8,:_rSd0s]An8C.gQTrB]A75>!=O60eq:aArq*,ShrA4)thXfcTNa7/-0AlEO]A)G@s&,
BK/7c&WqpE0-Rq-6+McfK6D>X"M#S^6l;HnM&7kOOU[/tY6*j`C6&5*sUg2u,j*Qd=3sHm>9
,kO&lO\U6$%bNJH,HnM&7kOQ1T=[&1uj`C6&^6-b'F6C;cT(i4E6\!1+^L-8%dJ:FtrO`+,N
kt=R]Amj#-kLJJ)GC@U=\at+=kGS@SGoQLudar.#J%^=qhRe:2IfA4&ZfSt#SAtN:otO:65Q?
&moBcF"jSN_HTC;O@J%_BuT=+BJbb(M9r`W<Orb.SkDtX&n_Y[E;?gD)!r0s8SO8c-Xk.JI/
?h[(bF6Aa7mX2GBjYQWul`^>gJ,<%?W^$;W5*sUO:[E#o6hsu:F[#-+c9LA7pE0&UT;u>ph#
6%(,bI/*m=4rUrQtE,^Zs_U;nqTn^3"k,d(^Vaf\`Y#l[-4PZbJK7GB`d?CAn(nc`k$paSA!
@o.SX,bIaBWr`f+ulgqNAT"er%qpQJ\Dt`qo?(]AgIDta-lq>=CUo<W5g+0G:Lkk\XIIj71-N
Ve"prn3`iHM?=Rq'Pt9>>i07c[:5%m[n:U48E,FQd>=`q-6+McfK6D>X"M#j`C6&5*sUWo-H
WnLZ?Ark5WKA6`^-D@!B6Q;"XZ<4_Mt9T&fiSl`]ALCXYE;khoPV@NVtg-qtI8>e!U1#q^8uS
U['T1fXa:*IJol+rGV5`#7CJ.k't-$H2h.GrmCJtQKO1/s47!/<4W%@^W-#ohI"%(o5pbYJ"
uG-F1fbBU@3NIIn+FHnYGX*qKts-]A4mk&hP92uf6[I6kPoN!+laY'p7@no4`Z&Hl*4`?rBu/
8f(s7>s1R<>WILN#hp:Ys5>UkC)<O/hs0Ve&VS2m$VZ+$Tc[T0a/%YaMIfGVeT2&kEq9f*=d
sM+cf"ZjMmF\a0p)[#)s(:^!XlF-NO-]AKg9E.4JJ*ko2:Fk>pXP_mJWHUPprSN[As7`_\5Mm
%No:,+8TDdqWec1$@aM7aaNVAM%T@N+Ko_qd;IB1+in*e"\5$tn9=74u!In+#Ar]A%LSp\38;
4o5,^qY:nT^<#L.q8iG75*sSGT>0smgul`A59H$6j`C6&5+a^)ci3NSq-6+McfK6D>^hp`j`
C6&5*sUWF6%E<>X"M#m;Mf*5*sUWF89')Qd=c7q-6*R5*sU]ATC8oJT=o[rF8afWl7_`-c.Mp
Fo8UH`o`oHMkc`RpqP4&G:Q`tcJ+Z&%*0ALNrZIinI]Abm,&'nnglOVp$d9kEoTCqT"rq&DSW
]Ask_o?TTbg$a-k5C`D'Rsk;t^ZM[`n)sL&k9'@[GQ5pZ^IPJ7lgK;_r&-e1\U8;pb3/'9q`3
QqF886gQd=3kq$-m"zz?j+*R#91("II$XrrVY@3GP('jI=@pb:[e%e5ODhT:]A5Q'cX65?)81
L*T-)V\Dfks&?GG(KrPnYMIcPSGh#<SbeXuSW^<>^1MgR.LX)IghrSRQ[5*sUW#Pm0N-3&6T
cS(p6kOP&;*FSgfmR&op]A6bKb,6.`!Ds+Yqb6MGT!<@Xt/g#WCAcDc2i-t"k/0=ilzz!!(72
iM3:iR3M\3gi)Ad5Ka:>rrE+MHnHM"5!RT\2u<?p?gd)qAc80<c7f-Cf(\Ld5OC-$5P+`N0C
r8U5H5h"C\Kp^-_K]AHo""Xgr[ja(J!&'>cfK6B5P`1p_"5b4o""_\r0>UiF8O/[='sN[5$'t
Dk7[gqzz!*I.6`s3QkIXSTek;Rn$TATY4qu".bhu4PKkl&-iqt9BLp6Y`MH2Z6Zq5`9mePCq
_h`l9HqYr]AAG&7-RkV;r0c!To%D]APs0m/,OE@umDZn*9An]A78OAp4)5t;d\[jEdq%QdEd=;X
A?8GO1s6&emn%/)s89Kf@T6Zhu!ARYNNAZ]AO04`c[J+DrI"H7mJU&`I#kF;pD<e+D/=:cY1m
1@)44M!qAR'HHbZ3Gp&+N=pT+/ig$_GET20s9]At^S>n'UgorhBEl5+hITj>Z[KI6G@EjSe.\
pLE9*q-8@45Oph[0DAQD>X$c3c*-l*ceXZL0DSj:f7.Bl?N:'+zzi$9@.fl%N%q91F;I>qS5
dJ_&\W_`6PrNa.epA7_UkL3dQn#u$>HZ]A4t^Z[nMcPHQ]Azzz!'#tQhs^BC5M"0Yk59Pl:TTW
VUcs<4qcc6cTB=Jr+eN7o=s*QFIo7A]As3'U%Vtn7,\\D<Ton2q"cd`8.J'7$?e,3?5jE'Z`l
Q`%f:[/&SIfKHKzzz=NcoAV]A2$KYlFA<!5SO;e1Vr:!s#i<TRPEEf`1dY!8r;.l5,Q.!<Cn.
(o.)1)u]A`9^YeDN8`0-c*.n+omO+\-lOW.(qcP#2%q,Egq\A>pq?-<!I#dearIFhOmO+\-lO
W.(qcP#2%q,Egq\A>pq?$]Atzzz!;pqcqZfJmqYU/b^HZe??N7A+YM&STJ*-nipRfk!hu7f6!
VPW'"nh?[WO)ThMj`nKql+T$$gQ(9Jblj*Oj?mShTu(-I8PLVchsL9j`AqTqEfUT5;d>,62d
39;#g5Bni?!]AqftE-0Bs'5s24\cq?$]AtpLC9hl43jpglJ`>T`+ok!.ZQsqn<(,,6.`CquD9H
#QOkmT)e^4!!)GZ!;[o?!4[L[k`5]ADzz!79fkI[fVp:[S"JSb90Ls4'?kqH6&W#NrSqTmrFo
pIG0LI61f,n&X\gYPGYVk26,'s&Qo*\c++OlOV9BlqdT1qWkoIchb1:35>+srPSQD5O'?Ug\
L,^7m>OSh(Pk%q0.>8^X]AN8Y5cZ-qLeASqbr!Prq`hsA,Y1)SDX0uraGf]A+8$0;m<j&j,G4;
:mMFI#r4>2Whs+9,f72n'rPA;erMdP8J,S!uZ$timq5o/1+6LoJ;?'JMc<'0jo""bcIUW3A+
8o.<<kn49r[XV=[/]Ackc,%jeeN]A[.Xm825lX,#<X+.kVZ[V<Qc>WYKs"JrOeaHE8T"]A]Aqk;_
AT&$3PFC]A@O%oC)[OJ#crP>lU)8e[P,bkIZ-0Hum',Ib)jD_>13_kTAq_5*sUG[klJ.mXARB
oj@UBqO)j-#Q7m*b3/W)I',[n?ZEg'kKZ$\$gVI(g`N'DqM5&YroA.r>^\[USaYtOemJHbs/
_jgGCRuSeZXA's2sO$KC]Ai@]A6s$oF2+r.f$F<2q5o/1+6H?_Qd=3ko@<[)IUN-I?i/1GR=Fr
9rEK6CkPDB0T#CX0~
]]></Image></Background><Border style="0" color="-16777216"/><Alpha value="0.20000000298023224"/></GI><Bounds x="60.0" y="38.0" w="481.0" h="182.0"/><SeriesCollection><Default borderLineStyle="0" borderLineColor="-8355712" seriesLineStyle="1" alpha="1.0"><DataLabel><Attr position="1" showItem="false"/><Separation><![CDATA[,]]></Separation><Format class="java.text.DecimalFormat"><![CDATA[#0]]></Format></DataLabel></Default></SeriesCollection><ReportChartData><CategoryArray><Cate value="分类1"/><Cate value="分类2"/><Cate value="分类3"/></CategoryArray><SeriesArray><Series value="BC"/><Series value="CA"/><Series value="NY"/><Series value="WA"/></SeriesArray><Series2D><Row><Line value="10"/><Line value="20"/><Line value="30"/></Row><Row><Line value="20"/><Line value="30"/><Line value="40"/></Row><Row><Line value="30"/><Line value="40"/><Line value="50"/></Row><Row><Line value="40"/><Line value="50"/><Line value="60"/></Row></Series2D></ReportChartData><Legend><GI><Border style="0" color="-16777216"/></GI><Bounds x="593.0" y="61.0" w="41.0" h="104.0"/><Attr position="4" legendNum="10"/><FRFont name="SimSun" style="0" size="12"/></Legend><XYScatterAttr showLine="true" showMarker="true" bgStagger="false" bgColor="-1"/><XAxis><Axis class="com.fr.chart.axis.ValueAxis"><AxisLine style="1" color="-8355712"/><AxisPosition value="3"/><AxisLabelPosition value="3"/><MainGridLine style="3" color="-8355712"/><SecGridLine style="0"/><AxisLabelCount value="-1"/><TickLine type="2" mainStroke="1.0" len="8" secType="1" secStroke="1.0" secLen="0"/><Stagger value="false"/><TextAttr><Attr alignText="0"/></TextAttr><AxisRange/></Axis></XAxis><YAxis><Axis class="com.fr.chart.axis.ValueAxis"><AxisLine style="1" color="-8355712"/><AxisPosition value="2"/><AxisLabelPosition value="3"/><MainGridLine style="3" color="-8355712"/><SecGridLine style="0"/><AxisLabelCount value="-1"/><TickLine type="2" mainStroke="1.0" len="8" secType="1" secStroke="1.0" secLen="0"/><Stagger value="false"/><TextAttr><Attr alignText="0"/></TextAttr><AxisRange/></Axis></YAxis></Plot></Plot></Chart></Chart><OneValueCDDefinition seriesName="肉类" valueName="销售额" function="com.fr.data.util.function.NoneFunction"><Top topCate="-1" topValue="-1"/><TableData class="com.fr.data.impl.NameTableData"><Name><![CDATA[ds1]]></Name></TableData><CategoryName value="分店号"/></OneValueCDDefinition></O><Expand/></C></CellElementList></Report><StyleList><Style horizontal_alignment="0"><FRFont name="SimSun" style="1" size="16" foreground="-16617053"/><Background name="NullBackground"/><Border/></Style><Style horizontal_alignment="4"><FRFont name="SimSun" style="1" size="14" foreground="-16617053"/><Background name="NullBackground"/><Border><Bottom/></Border></Style><Style><FRFont name="SimSun" style="0" size="12"/><Background name="ImageBackground" specifiedImageWidth="-1.0" specifiedImageHeight="-1.0" layout="2"><Image width="271" height="16"><![CDATA[mDCXcJ1qN7YlB3V+DqZA7?A:aJg+4PE192r8\)K*20d2B21/XeeaR99<5[mFWeT^(<XiD><t
-h[UDi!lY,\M%WiE)!lApD~
]]></Image></Background><Border/></Style></StyleList></WorkBook>