<?xml version="1.0" encoding="UTF-8"?>
<WorkBook xmlVersion="20091224"><TableDataMap><TableData name="ds1" class="com.fr.data.impl.EmbeddedTableData"><Parameters/><ColumnNames><![CDATA[Date,,.,,Type,,.,,Value]]></ColumnNames><ColumnTypes><![CDATA[java.lang.String,java.lang.String,java.lang.String]]></ColumnTypes><RowData><![CDATA[D3?sj_CuNhlYr1]A]ADfc0+`pQ-d84ceUjtF!Lr:m\?5nsc[%mB$PEBSCa`Yec1f(U,rn&Yg6p
$:jr49P=F%F=a$9CE>bOsP.U>Z4@;cIQk'pW'76gF3OJ0%ud87blCF@=`XW48N@:t^gN'=sF
&ip*eCP3YJHAl,n6N+X^cQ.-t3WgW]A"_,[Y:H=btI2l.gSj(?QeP@4JpJlFi+\q$TfFZ$b1U
9Y^s,D3-u1#R@Ekl9O;[A_4WgSf;eET,)QH,TKZ;\?LDe/&~
]]></RowData></TableData><TableData name="ds2" class="com.fr.data.impl.EmbeddedTableData"><Parameters/><ColumnNames><![CDATA[Type,,.,,Amount]]></ColumnNames><ColumnTypes><![CDATA[java.lang.String,java.lang.String]]></ColumnTypes><RowData><![CDATA[(!Oi.Jj:$#iUrV:R5:/mhIl&#<15EF5o:aNJh<ukVHjlCH^f(g*i!`N/cMAaCRPa[PCcOaB*
jnH5WKYYXR4X?qFZhjluC'G$#1e7OoA,H6c&_in,!FT.:LXD[kB3`&-g"Q;JpOhpTtn?!uLq
T2`8\]A657fkU9QLs"fS6$Bu\m0NE;=Y6/hHaE7$c#ZZ`VR#6~
]]></RowData></TableData></TableDataMap><ReportParameterAttr><Attributes showWindow="true" delayPlaying="true" windowPosition="0" align="1"/><PWTitle><![CDATA[参数]]></PWTitle><ParameterUI class="com.fr.report.parameter.CustomParameterUI"><ReportSettings headerHeight="0.0" footerHeight="0.0"><Margin top="0.27" left="0.75" bottom="0.27" right="0.75"/></ReportSettings><RowHeight defaultValue="19"><![CDATA[19,19,19,19,19,19,19,19,19,19,19,19,19,19,19,19,19,19,19,19,19,19,19,19,19,19,19,19,19,19,19,19,19,19,19,19,19,19,19,19,19,19,19,19,19,19,19,19,19,19,19]]></RowHeight><ColumnWidth defaultValue="72"><![CDATA[72,72,72,72,72,72,72,72,72,72,72,72,72,72,72,72,72,72,72,72,72]]></ColumnWidth><CellElementList><C c="0" r="0"><O><![CDATA[查询]]></O><Widget class="com.fr.report.web.ui.impl.form.FormSubmitButton"><WidgetAttr/></Widget></C></CellElementList></ParameterUI></ReportParameterAttr><Report class="com.fr.report.WorkSheet" name="sheet1"><ReportSettings orientation="1" headerHeight="0.0" footerHeight="0.0"><PaperSize width="11.693" height="16.536"/><Margin top="0.27" left="0.7499999999999999" bottom="0.27" right="0.7499999999999999"/></ReportSettings><ReportPageAttr><HR/><FR/><HC/><FC/></ReportPageAttr><ReportWebAttr><EmailManager mailHost="" password="___" user="" fromEmailAddres=""/><ServerPrinter/><WebPageContent><ToolBars><ToolBarManager><Location><Embed position="1"/></Location><ToolBar><Widget class="com.fr.report.web.ui.impl.page.First"><WidgetAttr disabled="true"/><Text><![CDATA[首页]]></Text><IconName><![CDATA[first]]></IconName></Widget><Widget class="com.fr.report.web.ui.impl.page.Previous"><WidgetAttr disabled="true"/><Text><![CDATA[上一页]]></Text><IconName><![CDATA[previous]]></IconName></Widget><Widget class="com.fr.report.web.ui.impl.page.PageNavi"><WidgetAttr/></Widget><Widget class="com.fr.report.web.ui.impl.page.Next"><WidgetAttr disabled="true"/><Text><![CDATA[下一页]]></Text><IconName><![CDATA[next]]></IconName></Widget><Widget class="com.fr.report.web.ui.impl.page.Last"><WidgetAttr disabled="true"/><Text><![CDATA[末页]]></Text><IconName><![CDATA[last]]></IconName></Widget><Widget class="com.fr.report.web.ui.impl.PageSetup"><WidgetAttr disabled="true"/><Text><![CDATA[页面设置]]></Text><IconName><![CDATA[pagesetup]]></IconName></Widget><Widget class="com.fr.report.web.ui.impl.FlashPrint"><WidgetAttr disabled="true"/><Text><![CDATA[打印[客户端]A]]></Text><IconName><![CDATA[flashprint]]></IconName></Widget><Widget class="com.fr.report.web.ui.impl.Print"><PrintButtons/></Widget><Widget class="com.fr.report.web.ui.impl.Export"><Buttons pdf="true" excelP="true" excelO="true" excelS="true" word="true"/></Widget><Widget class="com.fr.report.web.ui.impl.Email"><WidgetAttr disabled="true"/><Text><![CDATA[邮件]]></Text><IconName><![CDATA[email]]></IconName></Widget></ToolBar></ToolBarManager></ToolBars><WebPage isPage="true"/><WebMargin margins="0,auto,0,auto"/></WebPageContent><Background name="NullBackground"/></ReportWebAttr><Header reportPageType="0"><Background name="NullBackground"/><LeftList/><CenterList/><RightList/></Header><Footer reportPageType="0"><Background name="NullBackground"/><LeftList/><CenterList/><RightList/></Footer><ReportWriteAttr/><RowHeight defaultValue="19"><![CDATA[36,19,19,28,19,19,19,19,19,19,19,19,19,19,19,19,19,19,19,19,19,19,19,19,32,19,19,28,19]]></RowHeight><ColumnWidth defaultValue="72"><![CDATA[100,42,72,72,72,72,72,72,72,72,72]]></ColumnWidth><CellElementList><C c="0" r="0" cs="4" s="0"><O><![CDATA[某市新增商业用房市场供求状况（混合显示）]]></O><Expand leftParentDefault="false" upParentDefault="false"/></C><C c="4" r="0"><Expand/></C><C c="5" r="0"><Expand/></C><C c="6" r="0"><Expand/></C><C c="7" r="0"><Expand/></C><C c="8" r="0"><Expand/></C><C c="9" r="0"><Expand/></C><C c="0" r="1" s="1"><O><![CDATA[统计时段：]]></O><Expand/></C><C c="1" r="1" cs="3" s="1"><O><![CDATA[2007.6——2008.6]]></O><Expand/></C><C c="0" r="3" cs="4" s="2"><Expand leftParentDefault="false" upParentDefault="false"/></C><C c="4" r="3"><Expand/></C><C c="5" r="3"><Expand/></C><C c="6" r="3"><Expand/></C><C c="7" r="3"><Expand/></C><C c="8" r="3"><Expand/></C><C c="9" r="3"><Expand/></C><C c="0" r="21" s="3"><HighlightList><Highlight class="com.fr.report.highlight.DefaultHighlight"><Condition class="com.fr.data.condition.ListCondition"/><HighlightAction class="com.fr.report.highlight.RowHeightHighlightAction"/></Highlight></HighlightList><Expand/></C><C c="1" r="21" s="3"><O t="DSColumn"><Attributes dsName="ds1" columnName="Date"/><Condition class="com.fr.data.condition.ListCondition"/><Complex/><RG class="com.fr.report.cellElement.core.FunctionGrouper"/><Result><![CDATA[$$$]]></Result></O><HighlightList><Highlight class="com.fr.report.highlight.DefaultHighlight"><Condition class="com.fr.data.condition.ListCondition"/><HighlightAction class="com.fr.report.highlight.RowHeightHighlightAction"/></Highlight></HighlightList><Expand dir="1"/></C><C c="0" r="22" s="3"><O t="DSColumn"><Attributes dsName="ds1" columnName="Type"/><Complex/><RG class="com.fr.report.cellElement.core.FunctionGrouper"/></O><HighlightList><Highlight class="com.fr.report.highlight.DefaultHighlight"><Condition class="com.fr.data.condition.ListCondition"/><HighlightAction class="com.fr.report.highlight.RowHeightHighlightAction"/></Highlight></HighlightList><Expand dir="0"/></C><C c="1" r="22" s="3"><O t="DSColumn"><Attributes dsName="ds1" columnName="Value"/><Condition class="com.fr.data.condition.ListCondition"/><Complex/><RG class="com.fr.report.cellElement.core.SummaryGrouper"><FN><![CDATA[com.fr.data.util.function.SumFunction]]></FN></RG><Result><![CDATA[$$$]]></Result></O><HighlightList><Highlight class="com.fr.report.highlight.DefaultHighlight"><Condition class="com.fr.data.condition.ListCondition"/><HighlightAction class="com.fr.report.highlight.RowHeightHighlightAction"/></Highlight></HighlightList><Expand/></C><C c="5" r="27"><Expand/></C><C c="6" r="27"><Expand/></C><C c="7" r="27"><Expand/></C><C c="8" r="27"><Expand/></C><C c="9" r="27"><Expand/></C><C c="7" r="48"><O><![CDATA[]]></O><Expand/></C></CellElementList></Report><StyleList><Style><FRFont name="SimSun" style="1" size="14" foreground="-16617053"/><Background name="NullBackground"/><Border/></Style><Style><FRFont name="SimSun" style="0" size="12" foreground="-16617053"/><Background name="NullBackground"/><Border><Bottom/></Border></Style><Style><FRFont name="SimSun" style="0" size="12"/><Background name="ImageBackground" specifiedImageWidth="-1.0" specifiedImageHeight="-1.0" layout="2"><Image width="1000" height="50"><![CDATA[mFb'0*(LPEd/X-\Y]A#\QZk*knbTMab=MuCAL[TD_,Ea=Al.6O938N+f?Y*6Teq^F^>6DWgg`
?:PF/c9TI*k*OnRiTOJ)p>7]A0ffEq;(nW4d<)K<d4P+o,lL1XP^tf)9ktMr.R#Pp4qr4Q!?Q
,qYpKWc;6Pdc+d'K\*ElLk;0`!Wr%;=rXnRZebqN(Ib"=B[qu#Lq<[O1h<1hTIqi=T;r=4Jk
:`<sk4<TipmV(mo_e+TMkRn/cc>`S982DamLbFCX8)Y"n!BU&m=V\3nQ"0o>G&-K'@1;J5Lo
?AehGi#Wr#k<rFG6kC&_utSY,'%Vu'\@I[fqs>sHm<J+EJ@FoT_S5M>rmbLSnIcgLebID3kt
VtTd>p&2FIrj)?64s.7pYIT-Pci:X;93N.T56%_:]A%,*Bg!KH/ktq#$dJA1hp!5ccqgH3Cou
W4IY$mR`hY#R:I_,FB[/53Y5K<<PS'PpNWR#MMr5SVDFaq]AM?SqcYr`lKgT=t'&?=3C(XaC$
=ma(_.St!Lor(h`h:;-Z2o=Ht#g0'sTL&9'aHmfta0Y[&P_>(@JkP*0jAE_LYO.ke954+D"o
,HN#3e*jbnPHYX@JqOEcY.d-k:`oFORMW1)3$l:s+:0GqdXYpB:kfu:UkkKr$:U_S^/^6;>m
frXj0Ers,5p2lMd=0J"lm)S,`-X(%7dBrNl=dc>WCO.dB6,IY-`qf2&iiG43cArZ:/_\:8Z#
bL^t.qQ0\qaQ>RQhqc2VTs(NGTeD>qTs)Z4;"XWuI,X[LnRk;:YI:o&*Ql[rmcn70Rc!W6`V
BlFkFZR=_YQthT@*R9cX0elA:LNnNBc8!K)DMC@rd!1T:`5]A[f9n(gRZ[WqT7m/3Zm>U(FN_
3rAhLi<:B;?pFG)bU\e]Aqfq.*`o2V0Mi;)(!PO5Q;hk-+u^UcXRT9$&)BD)!h2W*3Z8+cQ=S
]A,<BG^Rn%Nf0I:qKd*CeGk!XqtK8lg@a\O?atS\If<+"[JKa6n)*<o;n]AoBS^765g7+/mr#"
j_h>>+bpX/d5o=sPUBBnO'e\?V4^\@]A=3Zh;Hs8*kpeGJFcE]ApeE\emIf*8=i&LSEZrj,9O:
.scZTj]AH\TpQju0dJV#YYK^G@E[Y.a\:2oPB/Dj'o,$"4f,q"]Aj3RJ7.)3=cRJhQB5A0;Gm6
=HrX7rg_r5EG2Qf%(U7,qXU/r-J(F*@S_hV[qn=1`rOpWr$/\%d'XYN#J=A_0_d^J99.cE7-
3rnMoccAjR4^T.0DG(01P=$q=mbG"k1%=18n^@:s7pp8uZ=mVb8$ll@OLSFN9TDtY^($@6>Y
AAX(qFs,FdJ>Ab^T`GY^:W!0qL"[4Ir]At7f6=MbQ`o9p5KWl%4.fs\K(mIN[lbb[p`mcV3PE
.ZrB6YMo_TBlTB5lbmVgY=X)*8YJ%m?%1\L]A,h;=uT#PZRErMfO=S/ks\s%;`U@=HLPs);q%
4r!`&22&R6VaeAl561YO[m'i-S1VIWLZ8>rX!,up5;h`&rrM?@!5?dqqX]A.'Hj>3$4hpS!bh
;Ra`R*W!AO$]AuDZ-P30DuDHs5pH05;6`N+.#?0"P+Xp^g!@ZzT[VlIe^3Sp4f3s1\,OmUQi7
5_J+Mgc+(4%%@SDa]Ar=8o,S,_a-aX'35j6JEW!l4d>bfKP-.tAZg5KD7Z!;d]A8!!!#gL45Xu
!rr<$c&U)!!]A7FpW"B%'2deh0f/E\(XoiDAJGfoWT\`[6N<$2t!V:;OE=:.S3hSqBf\_5T34
l\oe6P>!2LBnYpQlut@_VN%+8M*Bj9+Q,r:79qp[e:<#B&5Yq8qK#IcQF_emEme:O\B9zG\c
WG3rf6\T\7<W4dCKQNN(<;cVO96nfqMc\,PqCJ+A5>_!G>*r'dHOq_9t^m.nc[?[h'oq:8o%
jA15d&)`^Yh)l,1Ikp$\>^k`Aop6crP99E5+T?g:l1T!gNAc-4ZM0\-q-q)2QQQ$e+63N9kN
;IZ!!!"4G'irkz!!!"2n*^/U!!!"4G5pk?!!!"4p?UZDz!!!"2n)<dS!!!#_p@JX[Y9"e+2Z
ENu:IF[bR!JYka8CJ\@Jg,`qqV2=qqUuYo)l_QX`"2eTDLg=&)ZR,hu&#t@JoWkq$#pHl"Ot
oTE"IE,Tj_k1\pmgO8/hB_t`2Uo*`dooCLV35G-a/fREl$!.:ERb4AtHL?-80:ZTRoJG!@K!
9!b0rpK[=q%3-"eq`qC]A[e/Y?dZ:GcR1Y9p)a9bf0*KOVL;IjYPcJ.q)?(FcfK2X>l(YIj`:
/\GM->/k1BL@>V;BBlZ183qAT~
]]></Image></Background><Border/></Style><Style horizontal_alignment="0"><FRFont name="SimSun" style="0" size="12"/><Background name="NullBackground"/><Border/></Style></StyleList></WorkBook>